<?xml version="1.0" encoding="UTF-8"?>
<coverage generated="1677007864930" clover="3.2.0">
  <project timestamp="1677007864930" name="All files">
    <metrics statements="17" coveredstatements="4" conditionals="0" coveredconditionals="0" methods="5" coveredmethods="2" elements="22" coveredelements="6" complexity="0" loc="17" ncloc="17" packages="1" files="2" classes="2"/>
    <file name="calc.ts" path="/home/habib/OwnProjects/typescript-jest-example/src/calc.ts">
      <metrics statements="4" coveredstatements="4" conditionals="0" coveredconditionals="0" methods="2" coveredmethods="2"/>
      <line num="1" count="1" type="stmt"/>
      <line num="2" count="2" type="stmt"/>
      <line num="5" count="1" type="stmt"/>
      <line num="6" count="1" type="stmt"/>
    </file>
    <file name="http-helper.ts" path="/home/habib/OwnProjects/typescript-jest-example/src/http-helper.ts">
      <metrics statements="13" coveredstatements="0" conditionals="0" coveredconditionals="0" methods="3" coveredmethods="0"/>
      <line num="1" count="0" type="stmt"/>
      <line num="2" count="0" type="stmt"/>
      <line num="3" count="0" type="stmt"/>
      <line num="6" count="0" type="stmt"/>
      <line num="8" count="0" type="stmt"/>
      <line num="9" count="0" type="stmt"/>
      <line num="15" count="0" type="stmt"/>
      <line num="16" count="0" type="stmt"/>
      <line num="17" count="0" type="stmt"/>
      <line num="18" count="0" type="stmt"/>
      <line num="23" count="0" type="stmt"/>
      <line num="24" count="0" type="stmt"/>
      <line num="29" count="0" type="stmt"/>
    </file>
  </project>
</coverage>
