{"/home/habib/OwnProjects/typescript-jest-example/src/calc.ts": {"path":"/home/habib/OwnProjects/typescript-jest-example/src/calc.ts","statementMap":{"0":{"start":{"line":2,"column":4},"end":{"line":2,"column":17}},"1":{"start":{"line":1,"column":0},"end":{"line":1,"column":16}},"2":{"start":{"line":6,"column":4},"end":{"line":6,"column":17}},"3":{"start":{"line":5,"column":0},"end":{"line":5,"column":16}}},"fnMap":{"0":{"name":"add","decl":{"start":{"line":1,"column":16},"end":{"line":1,"column":19}},"loc":{"start":{"line":1,"column":40},"end":{"line":3,"column":1}}},"1":{"name":"mul","decl":{"start":{"line":5,"column":16},"end":{"line":5,"column":19}},"loc":{"start":{"line":5,"column":40},"end":{"line":7,"column":1}}}},"branchMap":{},"s":{"0":2,"1":1,"2":1,"3":1},"f":{"0":2,"1":1},"b":{}}
,"/home/habib/OwnProjects/typescript-jest-example/src/enum-helper.ts": {"path":"/home/habib/OwnProjects/typescript-jest-example/src/enum-helper.ts","statementMap":{"0":{"start":{"line":7,"column":16},"end":{"line":7,"column":41}},"1":{"start":{"line":8,"column":4},"end":{"line":10,"column":null}},"2":{"start":{"line":9,"column":8},"end":{"line":9,"column":33}},"3":{"start":{"line":11,"column":4},"end":{"line":11,"column":15}},"4":{"start":{"line":6,"column":0},"end":{"line":6,"column":16}},"5":{"start":{"line":20,"column":22},"end":{"line":20,"column":24}},"6":{"start":{"line":21,"column":4},"end":{"line":23,"column":null}},"7":{"start":{"line":22,"column":8},"end":{"line":22,"column":60}},"8":{"start":{"line":24,"column":4},"end":{"line":24,"column":21}},"9":{"start":{"line":19,"column":0},"end":{"line":19,"column":16}},"10":{"start":{"line":34,"column":22},"end":{"line":34,"column":38}},"11":{"start":{"line":35,"column":4},"end":{"line":37,"column":null}},"12":{"start":{"line":36,"column":8},"end":{"line":36,"column":64}},"13":{"start":{"line":38,"column":4},"end":{"line":38,"column":21}},"14":{"start":{"line":33,"column":0},"end":{"line":33,"column":16}},"15":{"start":{"line":53,"column":37},"end":{"line":53,"column":89}},"16":{"start":{"line":53,"column":73},"end":{"line":53,"column":87}},"17":{"start":{"line":54,"column":4},"end":{"line":54,"column":63}},"18":{"start":{"line":52,"column":0},"end":{"line":52,"column":16}},"19":{"start":{"line":62,"column":43},"end":{"line":62,"column":63}},"20":{"start":{"line":63,"column":33},"end":{"line":63,"column":85}},"21":{"start":{"line":64,"column":40},"end":{"line":64,"column":77}},"22":{"start":{"line":65,"column":53},"end":{"line":65,"column":55}},"23":{"start":{"line":67,"column":4},"end":{"line":69,"column":7}},"24":{"start":{"line":68,"column":8},"end":{"line":68,"column":38}},"25":{"start":{"line":71,"column":4},"end":{"line":71,"column":19}},"26":{"start":{"line":61,"column":0},"end":{"line":61,"column":16}},"27":{"start":{"line":84,"column":16},"end":{"line":84,"column":32}},"28":{"start":{"line":85,"column":4},"end":{"line":85,"column":70}},"29":{"start":{"line":85,"column":38},"end":{"line":85,"column":67}},"30":{"start":{"line":83,"column":0},"end":{"line":83,"column":16}},"31":{"start":{"line":98,"column":4},"end":{"line":99,"column":46}},"32":{"start":{"line":99,"column":8},"end":{"line":99,"column":46}},"33":{"start":{"line":100,"column":4},"end":{"line":100,"column":53}},"34":{"start":{"line":97,"column":0},"end":{"line":97,"column":16}},"35":{"start":{"line":113,"column":4},"end":{"line":114,"column":43}},"36":{"start":{"line":114,"column":8},"end":{"line":114,"column":43}},"37":{"start":{"line":115,"column":4},"end":{"line":115,"column":50}},"38":{"start":{"line":112,"column":0},"end":{"line":112,"column":16}},"39":{"start":{"line":125,"column":4},"end":{"line":125,"column":50}},"40":{"start":{"line":124,"column":0},"end":{"line":124,"column":16}}},"fnMap":{"0":{"name":"getEnumKeyValueAsMap","decl":{"start":{"line":6,"column":16},"end":{"line":6,"column":36}},"loc":{"start":{"line":6,"column":48},"end":{"line":12,"column":1}}},"1":{"name":"prepareEnumKeyValueForScreen","decl":{"start":{"line":19,"column":16},"end":{"line":19,"column":44}},"loc":{"start":{"line":19,"column":56},"end":{"line":25,"column":1}}},"2":{"name":"prepareEnumKeyValueForScreenByEnum","decl":{"start":{"line":33,"column":16},"end":{"line":33,"column":50}},"loc":{"start":{"line":33,"column":87},"end":{"line":39,"column":1}}},"3":{"name":"getEnumKeyByValue","decl":{"start":{"line":52,"column":16},"end":{"line":52,"column":33}},"loc":{"start":{"line":52,"column":61},"end":{"line":55,"column":1}}},"4":{"name":"(anonymous_4)","decl":{"start":{"line":53,"column":67},"end":{"line":53,"column":68}},"loc":{"start":{"line":53,"column":73},"end":{"line":53,"column":87}}},"5":{"name":"parseEnum","decl":{"start":{"line":61,"column":16},"end":{"line":61,"column":25}},"loc":{"start":{"line":61,"column":36},"end":{"line":72,"column":1}}},"6":{"name":"(anonymous_6)","decl":{"start":{"line":67,"column":23},"end":{"line":67,"column":24}},"loc":{"start":{"line":67,"column":39},"end":{"line":69,"column":5}}},"7":{"name":"getEnumNamesAndValues","decl":{"start":{"line":83,"column":16},"end":{"line":83,"column":37}},"loc":{"start":{"line":83,"column":77},"end":{"line":86,"column":1}}},"8":{"name":"(anonymous_8)","decl":{"start":{"line":85,"column":32},"end":{"line":85,"column":33}},"loc":{"start":{"line":85,"column":38},"end":{"line":85,"column":67}}},"9":{"name":"getEnumNames","decl":{"start":{"line":97,"column":16},"end":{"line":97,"column":28}},"loc":{"start":{"line":97,"column":39},"end":{"line":101,"column":1}}},"10":{"name":"getEnumValues","decl":{"start":{"line":112,"column":16},"end":{"line":112,"column":29}},"loc":{"start":{"line":112,"column":69},"end":{"line":116,"column":1}}},"11":{"name":"isEnumValue","decl":{"start":{"line":124,"column":16},"end":{"line":124,"column":27}},"loc":{"start":{"line":124,"column":42},"end":{"line":126,"column":1}}}},"branchMap":{"0":{"loc":{"start":{"line":54,"column":11},"end":{"line":54,"column":62}},"type":"cond-expr","locations":[{"start":{"line":54,"column":37},"end":{"line":54,"column":55}},{"start":{"line":54,"column":58},"end":{"line":54,"column":62}}]},"1":{"loc":{"start":{"line":98,"column":4},"end":{"line":99,"column":46}},"type":"if","locations":[{"start":{"line":98,"column":4},"end":{"line":99,"column":46}}]},"2":{"loc":{"start":{"line":113,"column":4},"end":{"line":114,"column":43}},"type":"if","locations":[{"start":{"line":113,"column":4},"end":{"line":114,"column":43}}]}},"s":{"0":1,"1":1,"2":3,"3":1,"4":1,"5":0,"6":0,"7":0,"8":0,"9":1,"10":0,"11":0,"12":0,"13":0,"14":1,"15":0,"16":0,"17":0,"18":1,"19":0,"20":0,"21":0,"22":0,"23":0,"24":0,"25":0,"26":1,"27":0,"28":0,"29":0,"30":1,"31":0,"32":0,"33":0,"34":1,"35":0,"36":0,"37":0,"38":1,"39":0,"40":1},"f":{"0":1,"1":0,"2":0,"3":0,"4":0,"5":0,"6":0,"7":0,"8":0,"9":0,"10":0,"11":0},"b":{"0":[0,0],"1":[0],"2":[0]}}
,"/home/habib/OwnProjects/typescript-jest-example/src/http-call.ts": {"path":"/home/habib/OwnProjects/typescript-jest-example/src/http-call.ts","statementMap":{"0":{"start":{"line":1,"column":0},"end":{"line":1,"column":52}},"1":{"start":{"line":24,"column":16},"end":{"line":24,"column":60}},"2":{"start":{"line":25,"column":4},"end":{"line":25,"column":34}},"3":{"start":{"line":23,"column":0},"end":{"line":23,"column":7}},"4":{"start":{"line":29,"column":16},"end":{"line":29,"column":66}},"5":{"start":{"line":30,"column":4},"end":{"line":30,"column":32}},"6":{"start":{"line":28,"column":0},"end":{"line":28,"column":7}},"7":{"start":{"line":34,"column":16},"end":{"line":34,"column":60}},"8":{"start":{"line":35,"column":4},"end":{"line":35,"column":34}},"9":{"start":{"line":33,"column":0},"end":{"line":33,"column":7}},"10":{"start":{"line":39,"column":4},"end":{"line":39,"column":null}},"11":{"start":{"line":38,"column":0},"end":{"line":38,"column":7}},"12":{"start":{"line":43,"column":4},"end":{"line":43,"column":90}},"13":{"start":{"line":42,"column":0},"end":{"line":42,"column":7}},"14":{"start":{"line":47,"column":4},"end":{"line":47,"column":77}},"15":{"start":{"line":46,"column":0},"end":{"line":46,"column":7}}},"fnMap":{"0":{"name":"fetchPosts","decl":{"start":{"line":23,"column":22},"end":{"line":23,"column":32}},"loc":{"start":{"line":23,"column":32},"end":{"line":26,"column":1}}},"1":{"name":"getUser","decl":{"start":{"line":28,"column":22},"end":{"line":28,"column":29}},"loc":{"start":{"line":28,"column":40},"end":{"line":31,"column":1}}},"2":{"name":"getUsers","decl":{"start":{"line":33,"column":22},"end":{"line":33,"column":30}},"loc":{"start":{"line":33,"column":30},"end":{"line":36,"column":1}}},"3":{"name":"createUser","decl":{"start":{"line":38,"column":22},"end":{"line":38,"column":32}},"loc":{"start":{"line":38,"column":49},"end":{"line":40,"column":1}}},"4":{"name":"updateUser","decl":{"start":{"line":42,"column":22},"end":{"line":42,"column":32}},"loc":{"start":{"line":42,"column":43},"end":{"line":44,"column":1}}},"5":{"name":"deleteUser","decl":{"start":{"line":46,"column":22},"end":{"line":46,"column":32}},"loc":{"start":{"line":46,"column":47},"end":{"line":48,"column":1}}}},"branchMap":{},"s":{"0":1,"1":0,"2":0,"3":1,"4":1,"5":1,"6":1,"7":1,"8":1,"9":1,"10":1,"11":1,"12":0,"13":1,"14":1,"15":1},"f":{"0":0,"1":1,"2":1,"3":1,"4":0,"5":1},"b":{}}
,"/home/habib/OwnProjects/typescript-jest-example/src/http-helper.ts": {"path":"/home/habib/OwnProjects/typescript-jest-example/src/http-helper.ts","statementMap":{"0":{"start":{"line":7,"column":21},"end":{"line":10,"column":6}},"1":{"start":{"line":12,"column":4},"end":{"line":14,"column":null}},"2":{"start":{"line":13,"column":8},"end":{"line":13,"column":74}},"3":{"start":{"line":16,"column":4},"end":{"line":16,"column":47}},"4":{"start":{"line":6,"column":0},"end":{"line":6,"column":7}},"5":{"start":{"line":24,"column":21},"end":{"line":31,"column":6}},"6":{"start":{"line":33,"column":4},"end":{"line":35,"column":null}},"7":{"start":{"line":34,"column":8},"end":{"line":34,"column":73}},"8":{"start":{"line":37,"column":4},"end":{"line":37,"column":47}},"9":{"start":{"line":19,"column":0},"end":{"line":19,"column":7}},"10":{"start":{"line":45,"column":21},"end":{"line":52,"column":6}},"11":{"start":{"line":54,"column":4},"end":{"line":56,"column":null}},"12":{"start":{"line":55,"column":8},"end":{"line":55,"column":72}},"13":{"start":{"line":58,"column":4},"end":{"line":58,"column":47}},"14":{"start":{"line":40,"column":0},"end":{"line":40,"column":7}},"15":{"start":{"line":62,"column":21},"end":{"line":65,"column":6}},"16":{"start":{"line":67,"column":4},"end":{"line":69,"column":null}},"17":{"start":{"line":68,"column":8},"end":{"line":68,"column":75}},"18":{"start":{"line":71,"column":4},"end":{"line":71,"column":47}},"19":{"start":{"line":61,"column":0},"end":{"line":61,"column":7}}},"fnMap":{"0":{"name":"get","decl":{"start":{"line":6,"column":22},"end":{"line":6,"column":25}},"loc":{"start":{"line":6,"column":63},"end":{"line":17,"column":1}}},"1":{"name":"post","decl":{"start":{"line":19,"column":22},"end":{"line":19,"column":26}},"loc":{"start":{"line":22,"column":25},"end":{"line":38,"column":1}}},"2":{"name":"put","decl":{"start":{"line":40,"column":22},"end":{"line":40,"column":25}},"loc":{"start":{"line":43,"column":25},"end":{"line":59,"column":1}}},"3":{"name":"del","decl":{"start":{"line":61,"column":22},"end":{"line":61,"column":25}},"loc":{"start":{"line":61,"column":63},"end":{"line":72,"column":1}}}},"branchMap":{"0":{"loc":{"start":{"line":9,"column":17},"end":{"line":9,"column":39}},"type":"binary-expr","locations":[{"start":{"line":9,"column":17},"end":{"line":9,"column":33}},{"start":{"line":9,"column":37},"end":{"line":9,"column":39}}]},"1":{"loc":{"start":{"line":12,"column":4},"end":{"line":14,"column":null}},"type":"if","locations":[{"start":{"line":12,"column":4},"end":{"line":14,"column":null}}]},"2":{"loc":{"start":{"line":33,"column":4},"end":{"line":35,"column":null}},"type":"if","locations":[{"start":{"line":33,"column":4},"end":{"line":35,"column":null}}]},"3":{"loc":{"start":{"line":54,"column":4},"end":{"line":56,"column":null}},"type":"if","locations":[{"start":{"line":54,"column":4},"end":{"line":56,"column":null}}]},"4":{"loc":{"start":{"line":64,"column":17},"end":{"line":64,"column":39}},"type":"binary-expr","locations":[{"start":{"line":64,"column":17},"end":{"line":64,"column":33}},{"start":{"line":64,"column":37},"end":{"line":64,"column":39}}]},"5":{"loc":{"start":{"line":67,"column":4},"end":{"line":69,"column":null}},"type":"if","locations":[{"start":{"line":67,"column":4},"end":{"line":69,"column":null}}]}},"s":{"0":2,"1":2,"2":0,"3":2,"4":1,"5":1,"6":1,"7":0,"8":1,"9":1,"10":0,"11":0,"12":0,"13":0,"14":1,"15":1,"16":1,"17":0,"18":1,"19":1},"f":{"0":2,"1":1,"2":0,"3":1},"b":{"0":[2,2],"1":[0],"2":[0],"3":[0],"4":[1,1],"5":[0]}}
}
