{"/home/habib/OwnProjects/typescript-jest-example/src/calc.ts": {"path":"/home/habib/OwnProjects/typescript-jest-example/src/calc.ts","statementMap":{"0":{"start":{"line":2,"column":4},"end":{"line":2,"column":17}},"1":{"start":{"line":1,"column":0},"end":{"line":1,"column":16}},"2":{"start":{"line":6,"column":4},"end":{"line":6,"column":17}},"3":{"start":{"line":5,"column":0},"end":{"line":5,"column":16}}},"fnMap":{"0":{"name":"add","decl":{"start":{"line":1,"column":16},"end":{"line":1,"column":19}},"loc":{"start":{"line":1,"column":40},"end":{"line":3,"column":1}}},"1":{"name":"mul","decl":{"start":{"line":5,"column":16},"end":{"line":5,"column":19}},"loc":{"start":{"line":5,"column":40},"end":{"line":7,"column":1}}}},"branchMap":{},"s":{"0":2,"1":1,"2":1,"3":1},"f":{"0":2,"1":1},"b":{}}
,"/home/habib/OwnProjects/typescript-jest-example/src/enum-helper.ts": {"path":"/home/habib/OwnProjects/typescript-jest-example/src/enum-helper.ts","statementMap":{"0":{"start":{"line":6,"column":16},"end":{"line":6,"column":41}},"1":{"start":{"line":7,"column":4},"end":{"line":9,"column":null}},"2":{"start":{"line":7,"column":22},"end":{"line":7,"column":28}},"3":{"start":{"line":7,"column":22},"end":{"line":7,"column":40}},"4":{"start":{"line":7,"column":18},"end":{"line":7,"column":22}},"5":{"start":{"line":8,"column":8},"end":{"line":8,"column":33}},"6":{"start":{"line":10,"column":4},"end":{"line":10,"column":15}},"7":{"start":{"line":5,"column":0},"end":{"line":5,"column":16}},"8":{"start":{"line":18,"column":22},"end":{"line":18,"column":24}},"9":{"start":{"line":19,"column":4},"end":{"line":21,"column":null}},"10":{"start":{"line":19,"column":22},"end":{"line":19,"column":28}},"11":{"start":{"line":19,"column":22},"end":{"line":19,"column":40}},"12":{"start":{"line":19,"column":18},"end":{"line":19,"column":22}},"13":{"start":{"line":20,"column":8},"end":{"line":20,"column":60}},"14":{"start":{"line":22,"column":4},"end":{"line":22,"column":21}},"15":{"start":{"line":17,"column":0},"end":{"line":17,"column":16}},"16":{"start":{"line":31,"column":37},"end":{"line":31,"column":89}},"17":{"start":{"line":31,"column":72},"end":{"line":31,"column":89}},"18":{"start":{"line":32,"column":4},"end":{"line":32,"column":63}},"19":{"start":{"line":30,"column":0},"end":{"line":30,"column":16}},"20":{"start":{"line":40,"column":43},"end":{"line":40,"column":63}},"21":{"start":{"line":41,"column":33},"end":{"line":41,"column":85}},"22":{"start":{"line":42,"column":40},"end":{"line":42,"column":77}},"23":{"start":{"line":43,"column":53},"end":{"line":43,"column":55}},"24":{"start":{"line":45,"column":4},"end":{"line":47,"column":7}},"25":{"start":{"line":46,"column":8},"end":{"line":46,"column":38}},"26":{"start":{"line":49,"column":4},"end":{"line":49,"column":19}},"27":{"start":{"line":70,"column":4},"end":{"line":70,"column":13}},"28":{"start":{"line":53,"column":16},"end":{"line":53,"column":32}},"29":{"start":{"line":54,"column":4},"end":{"line":54,"column":70}},"30":{"start":{"line":54,"column":37},"end":{"line":54,"column":69}},"31":{"start":{"line":71,"column":4},"end":{"line":71,"column":25}},"32":{"start":{"line":58,"column":4},"end":{"line":59,"column":46}},"33":{"start":{"line":59,"column":8},"end":{"line":59,"column":46}},"34":{"start":{"line":60,"column":4},"end":{"line":60,"column":53}},"35":{"start":{"line":72,"column":4},"end":{"line":72,"column":16}},"36":{"start":{"line":64,"column":4},"end":{"line":65,"column":43}},"37":{"start":{"line":65,"column":8},"end":{"line":65,"column":43}},"38":{"start":{"line":66,"column":4},"end":{"line":66,"column":50}},"39":{"start":{"line":73,"column":4},"end":{"line":73,"column":17}}},"fnMap":{"0":{"name":"getEnumKeyValueAsMap","decl":{"start":{"line":5,"column":16},"end":{"line":5,"column":36}},"loc":{"start":{"line":5,"column":48},"end":{"line":11,"column":1}}},"1":{"name":"prepareEnumKeyValueForScreen","decl":{"start":{"line":17,"column":16},"end":{"line":17,"column":44}},"loc":{"start":{"line":17,"column":56},"end":{"line":23,"column":1}}},"2":{"name":"getKeyByValue","decl":{"start":{"line":30,"column":16},"end":{"line":30,"column":29}},"loc":{"start":{"line":30,"column":52},"end":{"line":33,"column":1}}},"3":{"name":"(anonymous_3)","decl":{"start":{"line":31,"column":67},"end":{"line":31,"column":68}},"loc":{"start":{"line":31,"column":68},"end":{"line":31,"column":73}}},"4":{"name":"parseEnum","decl":{"start":{"line":39,"column":9},"end":{"line":39,"column":18}},"loc":{"start":{"line":39,"column":29},"end":{"line":50,"column":1}}},"5":{"name":"(anonymous_5)","decl":{"start":{"line":45,"column":23},"end":{"line":45,"column":24}},"loc":{"start":{"line":45,"column":35},"end":{"line":47,"column":5}}},"6":{"name":"getEnumNamesAndValues","decl":{"start":{"line":52,"column":9},"end":{"line":52,"column":30}},"loc":{"start":{"line":52,"column":70},"end":{"line":55,"column":1}}},"7":{"name":"(anonymous_7)","decl":{"start":{"line":54,"column":32},"end":{"line":54,"column":33}},"loc":{"start":{"line":54,"column":33},"end":{"line":54,"column":38}}},"8":{"name":"getEnumNames","decl":{"start":{"line":57,"column":9},"end":{"line":57,"column":21}},"loc":{"start":{"line":57,"column":32},"end":{"line":61,"column":1}}},"9":{"name":"getEnumValues","decl":{"start":{"line":63,"column":9},"end":{"line":63,"column":22}},"loc":{"start":{"line":63,"column":62},"end":{"line":67,"column":1}}}},"branchMap":{"0":{"loc":{"start":{"line":32,"column":11},"end":{"line":32,"column":62}},"type":"cond-expr","locations":[{"start":{"line":32,"column":37},"end":{"line":32,"column":55}},{"start":{"line":32,"column":58},"end":{"line":32,"column":62}}]},"1":{"loc":{"start":{"line":58,"column":4},"end":{"line":59,"column":46}},"type":"if","locations":[{"start":{"line":58,"column":4},"end":{"line":59,"column":46}}]},"2":{"loc":{"start":{"line":64,"column":4},"end":{"line":65,"column":43}},"type":"if","locations":[{"start":{"line":64,"column":4},"end":{"line":65,"column":43}}]}},"s":{"0":0,"1":0,"2":0,"3":0,"4":0,"5":0,"6":0,"7":1,"8":0,"9":0,"10":0,"11":0,"12":0,"13":0,"14":0,"15":1,"16":1,"17":3,"18":1,"19":1,"20":1,"21":1,"22":1,"23":1,"24":1,"25":3,"26":1,"27":1,"28":1,"29":1,"30":3,"31":1,"32":0,"33":0,"34":0,"35":1,"36":0,"37":0,"38":0,"39":1},"f":{"0":0,"1":0,"2":1,"3":3,"4":1,"5":3,"6":1,"7":3,"8":0,"9":0},"b":{"0":[1,0],"1":[0],"2":[0]}}
,"/home/habib/OwnProjects/typescript-jest-example/src/http-helper.ts": {"path":"/home/habib/OwnProjects/typescript-jest-example/src/http-helper.ts","statementMap":{"0":{"start":{"line":1,"column":16},"end":{"line":1,"column":34}},"1":{"start":{"line":2,"column":12},"end":{"line":2,"column":21}},"2":{"start":{"line":3,"column":0},"end":{"line":3,"column":null}},"3":{"start":{"line":3,"column":23},"end":{"line":3,"column":61}},"4":{"start":{"line":6,"column":14},"end":{"line":6,"column":16}},"5":{"start":{"line":8,"column":0},"end":{"line":13,"column":3}},"6":{"start":{"line":9,"column":4},"end":{"line":12,"column":7}},"7":{"start":{"line":15,"column":0},"end":{"line":34,"column":3}},"8":{"start":{"line":16,"column":4},"end":{"line":33,"column":null}},"9":{"start":{"line":17,"column":38},"end":{"line":17,"column":46}},"10":{"start":{"line":17,"column":17},"end":{"line":17,"column":19}},"11":{"start":{"line":17,"column":23},"end":{"line":17,"column":25}},"12":{"start":{"line":17,"column":34},"end":{"line":17,"column":38}},"13":{"start":{"line":18,"column":24},"end":{"line":22,"column":10}},"14":{"start":{"line":23,"column":8},"end":{"line":23,"column":28}},"15":{"start":{"line":24,"column":8},"end":{"line":27,"column":11}},"16":{"start":{"line":29,"column":8},"end":{"line":32,"column":11}}},"fnMap":{"0":{"name":"(anonymous_0)","decl":{"start":{"line":3,"column":17},"end":{"line":3,"column":23}},"loc":{"start":{"line":3,"column":17},"end":{"line":3,"column":30}}},"1":{"name":"(anonymous_1)","decl":{"start":{"line":8,"column":18},"end":{"line":8,"column":19}},"loc":{"start":{"line":8,"column":27},"end":{"line":13,"column":1}}},"2":{"name":"(anonymous_2)","decl":{"start":{"line":15,"column":18},"end":{"line":15,"column":19}},"loc":{"start":{"line":15,"column":27},"end":{"line":34,"column":1}}}},"branchMap":{},"s":{"0":0,"1":0,"2":0,"3":0,"4":0,"5":0,"6":0,"7":0,"8":0,"9":0,"10":0,"11":0,"12":0,"13":0,"14":0,"15":0,"16":0},"f":{"0":0,"1":0,"2":0},"b":{}}
}
