TN:
SF:src/calc.ts
FN:1,add
FN:5,mul
FNF:2
FNH:2
FNDA:2,add
FNDA:1,mul
DA:1,1
DA:2,2
DA:5,1
DA:6,1
LF:4
LH:4
BRF:0
BRH:0
end_of_record
TN:
SF:src/enum-helper.ts
FN:5,getEnumKeyValueAsMap
FN:17,prepareEnumKeyValueForScreen
FN:30,prepareEnumKeyValueForScreenByEnum
FN:43,getEnumKeyByValue
FN:44,(anonymous_4)
FN:52,parseEnum
FN:58,(anonymous_6)
FN:74,getEnumNamesAndValues
FN:76,(anonymous_8)
FN:88,getEnumNames
FN:98,getEnumValues
FN:104,isEnumValue
FNF:12
FNH:11
FNDA:1,getEnumKeyValueAsMap
FNDA:1,prepareEnumKeyValueForScreen
FNDA:1,prepareEnumKeyValueForScreenByEnum
FNDA:3,getEnumKeyByValue
FNDA:13,(anonymous_4)
FNDA:2,parseEnum
FNDA:6,(anonymous_6)
FNDA:1,getEnumNamesAndValues
FNDA:3,(anonymous_8)
FNDA:0,getEnumNames
FNDA:1,getEnumValues
FNDA:2,isEnumValue
DA:5,1
DA:6,1
DA:7,3
DA:8,3
DA:10,1
DA:17,1
DA:18,1
DA:19,3
DA:20,3
DA:22,1
DA:30,1
DA:31,1
DA:32,2
DA:33,2
DA:35,1
DA:43,1
DA:44,13
DA:45,3
DA:52,1
DA:53,2
DA:54,2
DA:55,2
DA:56,2
DA:58,2
DA:59,6
DA:62,2
DA:74,1
DA:75,1
DA:76,3
DA:88,1
DA:89,0
DA:90,0
DA:91,0
DA:98,1
DA:99,1
DA:100,1
DA:101,0
DA:104,1
DA:105,2
LF:39
LH:35
BRDA:45,0,0,2
BRDA:45,0,1,1
BRDA:89,1,0,0
BRDA:99,2,0,1
BRF:4
BRH:3
end_of_record
TN:
SF:src/http-helper.ts
FN:3,(anonymous_0)
FN:8,(anonymous_1)
FN:15,(anonymous_2)
FNF:3
FNH:0
FNDA:0,(anonymous_0)
FNDA:0,(anonymous_1)
FNDA:0,(anonymous_2)
DA:1,0
DA:2,0
DA:3,0
DA:6,0
DA:8,0
DA:9,0
DA:15,0
DA:16,0
DA:17,0
DA:18,0
DA:23,0
DA:24,0
DA:29,0
LF:13
LH:0
BRF:0
BRH:0
end_of_record
