TN:
SF:src/calc.ts
FN:1,add
FN:5,mul
FNF:2
FNH:2
FNDA:2,add
FNDA:1,mul
DA:1,1
DA:2,2
DA:5,1
DA:6,1
LF:4
LH:4
BRF:0
BRH:0
end_of_record
TN:
SF:src/enum-helper.ts
FN:5,getEnumKeyValueAsMap
FN:17,prepareEnumKeyValueForScreen
FN:30,getKeyByValue
FN:31,(anonymous_3)
FN:39,parseEnum
FN:45,(anonymous_5)
FN:52,getEnumNamesAndValues
FN:54,(anonymous_7)
FN:57,getEnumNames
FN:63,getEnumValues
FNF:10
FNH:6
FNDA:0,getEnumKeyValueAsMap
FNDA:0,prepareEnumKeyValueForScreen
FNDA:1,getKeyByValue
FNDA:3,(anonymous_3)
FNDA:1,parseEnum
FNDA:3,(anonymous_5)
FNDA:1,getEnumNamesAndValues
FNDA:3,(anonymous_7)
FNDA:0,getEnumNames
FNDA:0,getEnumValues
DA:5,1
DA:6,0
DA:7,0
DA:8,0
DA:10,0
DA:17,1
DA:18,0
DA:19,0
DA:20,0
DA:22,0
DA:30,1
DA:31,3
DA:32,1
DA:40,1
DA:41,1
DA:42,1
DA:43,1
DA:45,1
DA:46,3
DA:49,1
DA:53,1
DA:54,3
DA:58,0
DA:59,0
DA:60,0
DA:64,0
DA:65,0
DA:66,0
DA:70,1
DA:71,1
DA:72,1
DA:73,1
LF:32
LH:18
BRDA:32,0,0,1
BRDA:32,0,1,0
BRDA:58,1,0,0
BRDA:64,2,0,0
BRF:4
BRH:1
end_of_record
TN:
SF:src/http-helper.ts
FN:3,(anonymous_0)
FN:8,(anonymous_1)
FN:15,(anonymous_2)
FNF:3
FNH:0
FNDA:0,(anonymous_0)
FNDA:0,(anonymous_1)
FNDA:0,(anonymous_2)
DA:1,0
DA:2,0
DA:3,0
DA:6,0
DA:8,0
DA:9,0
DA:15,0
DA:16,0
DA:17,0
DA:18,0
DA:23,0
DA:24,0
DA:29,0
LF:13
LH:0
BRF:0
BRH:0
end_of_record
